Determining if the pthread_create exist failed with the following output:
Change Dir: /home/ilya/copter/code/catkin_ws/build/CMakeFiles/CMakeTmp

Run Build Command:"/usr/bin/make" "cmTC_6f68b/fast"
/usr/bin/make -f CMakeFiles/cmTC_6f68b.dir/build.make CMakeFiles/cmTC_6f68b.dir/build
make[1]: Entering directory '/home/ilya/copter/code/catkin_ws/build/CMakeFiles/CMakeTmp'
Building C object CMakeFiles/cmTC_6f68b.dir/CheckSymbolExists.c.o
/usr/bin/cc     -o CMakeFiles/cmTC_6f68b.dir/CheckSymbolExists.c.o   -c /home/ilya/copter/code/catkin_ws/build/CMakeFiles/CMakeTmp/CheckSymbolExists.c
Linking C executable cmTC_6f68b
/usr/bin/cmake -E cmake_link_script CMakeFiles/cmTC_6f68b.dir/link.txt --verbose=1
/usr/bin/cc       CMakeFiles/cmTC_6f68b.dir/CheckSymbolExists.c.o  -o cmTC_6f68b -rdynamic 
CMakeFiles/cmTC_6f68b.dir/CheckSymbolExists.c.o: In function `main':
CheckSymbolExists.c:(.text+0x16): undefined reference to `pthread_create'
collect2: error: ld returned 1 exit status
CMakeFiles/cmTC_6f68b.dir/build.make:97: recipe for target 'cmTC_6f68b' failed
make[1]: *** [cmTC_6f68b] Error 1
make[1]: Leaving directory '/home/ilya/copter/code/catkin_ws/build/CMakeFiles/CMakeTmp'
Makefile:126: recipe for target 'cmTC_6f68b/fast' failed
make: *** [cmTC_6f68b/fast] Error 2

File /home/ilya/copter/code/catkin_ws/build/CMakeFiles/CMakeTmp/CheckSymbolExists.c:
/* */
#include <pthread.h>

int main(int argc, char** argv)
{
  (void)argv;
#ifndef pthread_create
  return ((int*)(&pthread_create))[argc];
#else
  (void)argc;
  return 0;
#endif
}

Determining if the function pthread_create exists in the pthreads failed with the following output:
Change Dir: /home/ilya/copter/code/catkin_ws/build/CMakeFiles/CMakeTmp

Run Build Command:"/usr/bin/make" "cmTC_c378e/fast"
/usr/bin/make -f CMakeFiles/cmTC_c378e.dir/build.make CMakeFiles/cmTC_c378e.dir/build
make[1]: Entering directory '/home/ilya/copter/code/catkin_ws/build/CMakeFiles/CMakeTmp'
Building C object CMakeFiles/cmTC_c378e.dir/CheckFunctionExists.c.o
/usr/bin/cc    -DCHECK_FUNCTION_EXISTS=pthread_create   -o CMakeFiles/cmTC_c378e.dir/CheckFunctionExists.c.o   -c /usr/share/cmake-3.5/Modules/CheckFunctionExists.c
Linking C executable cmTC_c378e
/usr/bin/cmake -E cmake_link_script CMakeFiles/cmTC_c378e.dir/link.txt --verbose=1
/usr/bin/cc   -DCHECK_FUNCTION_EXISTS=pthread_create    CMakeFiles/cmTC_c378e.dir/CheckFunctionExists.c.o  -o cmTC_c378e -rdynamic -lpthreads 
/usr/bin/ld: cannot find -lpthreads
collect2: error: ld returned 1 exit status
CMakeFiles/cmTC_c378e.dir/build.make:97: recipe for target 'cmTC_c378e' failed
make[1]: *** [cmTC_c378e] Error 1
make[1]: Leaving directory '/home/ilya/copter/code/catkin_ws/build/CMakeFiles/CMakeTmp'
Makefile:126: recipe for target 'cmTC_c378e/fast' failed
make: *** [cmTC_c378e/fast] Error 2


